[debug] [2020-03-22T20:04:07.252Z] ----------------------------------------------------------------------
[debug] [2020-03-22T20:04:07.254Z] Command:       C:\Program Files\nodejs\node.exe C:\Users\ADAM\AppData\Roaming\npm\node_modules\firebase-tools\lib\bin\firebase.js deploy --only functions
[debug] [2020-03-22T20:04:07.254Z] CLI Version:   7.15.0
[debug] [2020-03-22T20:04:07.254Z] Platform:      win32
[debug] [2020-03-22T20:04:07.254Z] Node Version:  v10.15.3
[debug] [2020-03-22T20:04:07.255Z] Time:          Sun Mar 22 2020 22:04:07 GMT+0200 (GMT+02:00)
[debug] [2020-03-22T20:04:07.255Z] ----------------------------------------------------------------------
[debug] [2020-03-22T20:04:07.255Z] 
[debug] [2020-03-22T20:04:07.267Z] > command requires scopes: ["email","openid","https://www.googleapis.com/auth/cloudplatformprojects.readonly","https://www.googleapis.com/auth/firebase","https://www.googleapis.com/auth/cloud-platform"]
[debug] [2020-03-22T20:04:07.268Z] > authorizing via signed-in user
[debug] [2020-03-22T20:04:07.268Z] [iam] checking project stepcounter-3b7fc for permissions ["cloudfunctions.functions.create","cloudfunctions.functions.delete","cloudfunctions.functions.get","cloudfunctions.functions.list","cloudfunctions.functions.update","cloudfunctions.operations.get","firebase.projects.get"]
[debug] [2020-03-22T20:04:07.269Z] > refreshing access token with scopes: ["email","https://www.googleapis.com/auth/cloud-platform","https://www.googleapis.com/auth/cloudplatformprojects.readonly","https://www.googleapis.com/auth/firebase","openid"]
[debug] [2020-03-22T20:04:07.269Z] >>> HTTP REQUEST POST https://www.googleapis.com/oauth2/v3/token  
 <request body omitted>
[debug] [2020-03-22T20:04:07.605Z] <<< HTTP RESPONSE 200
[debug] [2020-03-22T20:04:07.611Z] >>> HTTP REQUEST POST https://cloudresourcemanager.googleapis.com/v1/projects/stepcounter-3b7fc:testIamPermissions  

[debug] [2020-03-22T20:04:08.887Z] <<< HTTP RESPONSE 200
[info] 
[info] === Deploying to 'stepcounter-3b7fc'...
[info] 
[info] i  deploying functions
[info] Running command: npm --prefix "$RESOURCE_DIR" run lint
[info] +  functions: Finished running predeploy script.
[debug] [2020-03-22T20:04:12.490Z] > [functions] package.json contents: {
  "name": "functions",
  "description": "Cloud Functions for Firebase",
  "scripts": {
    "lint": "eslint .",
    "serve": "firebase emulators:start --only functions",
    "shell": "firebase functions:shell",
    "start": "npm run shell",
    "deploy": "firebase deploy --only functions",
    "logs": "firebase functions:log"
  },
  "engines": {
    "node": "8"
  },
  "dependencies": {
    "firebase-admin": "^8.6.0",
    "firebase-functions": "^3.3.0"
  },
  "devDependencies": {
    "eslint": "^5.12.0",
    "eslint-plugin-promise": "^4.0.1",
    "firebase-functions-test": "^0.1.6"
  },
  "private": true
}
[info] i  functions: ensuring necessary APIs are enabled...
[debug] [2020-03-22T20:04:12.491Z] >>> HTTP REQUEST GET https://serviceusage.googleapis.com/v1/projects/stepcounter-3b7fc/services/cloudfunctions.googleapis.com  
 
[debug] [2020-03-22T20:04:12.491Z] >>> HTTP REQUEST GET https://serviceusage.googleapis.com/v1/projects/stepcounter-3b7fc/services/runtimeconfig.googleapis.com  
 
[debug] [2020-03-22T20:04:13.347Z] <<< HTTP RESPONSE 200
[info] +  functions: all necessary APIs are enabled
[debug] [2020-03-22T20:04:13.790Z] <<< HTTP RESPONSE 200
[debug] [2020-03-22T20:04:13.790Z] >>> HTTP REQUEST GET https://firebase.googleapis.com/v1beta1/projects/stepcounter-3b7fc/adminSdkConfig  
 
[debug] [2020-03-22T20:04:14.266Z] <<< HTTP RESPONSE 200
[info] i  functions: preparing functions directory for uploading...
[debug] [2020-03-22T20:04:14.268Z] >>> HTTP REQUEST GET https://runtimeconfig.googleapis.com/v1beta1/projects/stepcounter-3b7fc/configs  
 
[debug] [2020-03-22T20:04:15.376Z] <<< HTTP RESPONSE 200
[info] i  functions: packaged functions (38.73 KB) for uploading
[debug] [2020-03-22T20:04:15.617Z] >>> HTTP REQUEST POST https://cloudfunctions.googleapis.com/v1/projects/stepcounter-3b7fc/locations/us-central1/functions:generateUploadUrl  
 
[debug] [2020-03-22T20:04:23.620Z] <<< HTTP RESPONSE 200
[debug] [2020-03-22T20:04:23.620Z] >>> HTTP REQUEST PUT https://storage.googleapis.com/gcf-upload-us-central1-5d3e13d2-d472-4724-bb53-926897ee6b05/c24ffb5b-3ca6-40f4-8738-4a15c018de16.zip?GoogleAccessId=service-637352248062@gcf-admin-robot.iam.gserviceaccount.com&Expires=1584909263&Signature=DNwizdzZheoHH6gNgXmOFFITSIT3%2BFHMkdvZTx%2FDjP2IhLBRudOmR2lfaMOhhDVbyfyhORTywpxc0GrdU6PbI5vIwTkBi56U1CiXiAL3BX9f%2BVOoFtex1W6X0S63ZNW6eD%2FCoXF8mjuBlXUrrusnEF2sgWAgN%2FAwns6EBCPW4x6zGWEwdcdL6KAn3IdOodn07rUEX%2FRzKIQXiFl2xNiECtNWSHVihrpzCNAO%2F%2Fhpx7Hf3Ol5Dzb%2BsMhuFGbsDU%2FTH0C06HjmiLxv01XaL20pdL0cNnpegqT%2BtlyLL2RhPzULYj5lKFVMMCyPyWz9lKRdW3XzgoTsXWC9z8zBKUijUA%3D%3D  
 <request body omitted>
[debug] [2020-03-22T20:04:24.356Z] <<< HTTP RESPONSE 200
[info] +  functions: functions folder uploaded successfully
[debug] [2020-03-22T20:04:24.358Z] >>> HTTP REQUEST GET https://cloudfunctions.googleapis.com/v1/projects/stepcounter-3b7fc/locations/-/functions  
 
[debug] [2020-03-22T20:04:24.915Z] <<< HTTP RESPONSE 200
[info] i  functions: creating Node.js 8 function checkForIsPlayingStatusChange(us-central1)...
[debug] [2020-03-22T20:04:24.916Z] Trigger is:  {"eventTrigger":{"resource":"projects/stepcounter-3b7fc/databases/(default)/documents/users/{userId}","eventType":"providers/cloud.firestore/eventTypes/document.update","service":"firestore.googleapis.com"}}
[debug] [2020-03-22T20:04:24.917Z] >>> HTTP REQUEST GET https://serviceusage.googleapis.com/v1/projects/stepcounter-3b7fc/services/cloudscheduler.googleapis.com  
 
[debug] [2020-03-22T20:04:26.032Z] <<< HTTP RESPONSE 200
[debug] [2020-03-22T20:04:26.033Z] >>> HTTP REQUEST POST https://cloudfunctions.googleapis.com/v1/projects/stepcounter-3b7fc/locations/us-central1/functions  

[debug] [2020-03-22T20:04:26.665Z] <<< HTTP RESPONSE 200
[debug] [2020-03-22T20:04:26.666Z] >>> HTTP REQUEST GET https://cloudfunctions.googleapis.com/v1/operations/c3RlcGNvdW50ZXItM2I3ZmMvdXMtY2VudHJhbDEvY2hlY2tGb3JJc1BsYXlpbmdTdGF0dXNDaGFuZ2UvLXZFajVoaVJKS0k  
 
[debug] [2020-03-22T20:04:27.076Z] <<< HTTP RESPONSE 200
[debug] [2020-03-22T20:04:29.077Z] >>> HTTP REQUEST GET https://cloudfunctions.googleapis.com/v1/operations/c3RlcGNvdW50ZXItM2I3ZmMvdXMtY2VudHJhbDEvY2hlY2tGb3JJc1BsYXlpbmdTdGF0dXNDaGFuZ2UvLXZFajVoaVJKS0k  
 
[debug] [2020-03-22T20:04:29.476Z] <<< HTTP RESPONSE 200
[debug] [2020-03-22T20:04:31.476Z] >>> HTTP REQUEST GET https://cloudfunctions.googleapis.com/v1/operations/c3RlcGNvdW50ZXItM2I3ZmMvdXMtY2VudHJhbDEvY2hlY2tGb3JJc1BsYXlpbmdTdGF0dXNDaGFuZ2UvLXZFajVoaVJKS0k  
 
[debug] [2020-03-22T20:04:31.961Z] <<< HTTP RESPONSE 200
[debug] [2020-03-22T20:04:33.962Z] >>> HTTP REQUEST GET https://cloudfunctions.googleapis.com/v1/operations/c3RlcGNvdW50ZXItM2I3ZmMvdXMtY2VudHJhbDEvY2hlY2tGb3JJc1BsYXlpbmdTdGF0dXNDaGFuZ2UvLXZFajVoaVJKS0k  
 
[debug] [2020-03-22T20:04:34.396Z] <<< HTTP RESPONSE 200
[debug] [2020-03-22T20:04:36.397Z] >>> HTTP REQUEST GET https://cloudfunctions.googleapis.com/v1/operations/c3RlcGNvdW50ZXItM2I3ZmMvdXMtY2VudHJhbDEvY2hlY2tGb3JJc1BsYXlpbmdTdGF0dXNDaGFuZ2UvLXZFajVoaVJKS0k  
 
[debug] [2020-03-22T20:04:36.797Z] <<< HTTP RESPONSE 200
[debug] [2020-03-22T20:04:38.798Z] >>> HTTP REQUEST GET https://cloudfunctions.googleapis.com/v1/operations/c3RlcGNvdW50ZXItM2I3ZmMvdXMtY2VudHJhbDEvY2hlY2tGb3JJc1BsYXlpbmdTdGF0dXNDaGFuZ2UvLXZFajVoaVJKS0k  
 
[debug] [2020-03-22T20:04:39.204Z] <<< HTTP RESPONSE 200
[debug] [2020-03-22T20:04:41.204Z] >>> HTTP REQUEST GET https://cloudfunctions.googleapis.com/v1/operations/c3RlcGNvdW50ZXItM2I3ZmMvdXMtY2VudHJhbDEvY2hlY2tGb3JJc1BsYXlpbmdTdGF0dXNDaGFuZ2UvLXZFajVoaVJKS0k  
 
[debug] [2020-03-22T20:04:41.565Z] <<< HTTP RESPONSE 200
[debug] [2020-03-22T20:04:43.566Z] >>> HTTP REQUEST GET https://cloudfunctions.googleapis.com/v1/operations/c3RlcGNvdW50ZXItM2I3ZmMvdXMtY2VudHJhbDEvY2hlY2tGb3JJc1BsYXlpbmdTdGF0dXNDaGFuZ2UvLXZFajVoaVJKS0k  
 
[debug] [2020-03-22T20:04:43.919Z] <<< HTTP RESPONSE 200
[debug] [2020-03-22T20:04:45.920Z] >>> HTTP REQUEST GET https://cloudfunctions.googleapis.com/v1/operations/c3RlcGNvdW50ZXItM2I3ZmMvdXMtY2VudHJhbDEvY2hlY2tGb3JJc1BsYXlpbmdTdGF0dXNDaGFuZ2UvLXZFajVoaVJKS0k  
 
[debug] [2020-03-22T20:04:46.277Z] <<< HTTP RESPONSE 200
[debug] [2020-03-22T20:04:48.278Z] >>> HTTP REQUEST GET https://cloudfunctions.googleapis.com/v1/operations/c3RlcGNvdW50ZXItM2I3ZmMvdXMtY2VudHJhbDEvY2hlY2tGb3JJc1BsYXlpbmdTdGF0dXNDaGFuZ2UvLXZFajVoaVJKS0k  
 
[debug] [2020-03-22T20:04:48.675Z] <<< HTTP RESPONSE 200
